0 info it worked if it ends with ok
1 verbose cli [ '/Users/kai/.meteor/packages/meteor-tool/.1.4.2_3.1rd9djy++os.osx.x86_64+web.browser+web.cordova/mt-os.osx.x86_64/dev_bundle/bin/node',
1 verbose cli   '/Users/kai/.meteor/packages/meteor-tool/.1.4.2_3.1rd9djy++os.osx.x86_64+web.browser+web.cordova/mt-os.osx.x86_64/dev_bundle/bin/npm',
1 verbose cli   'install',
1 verbose cli   'kadira:flow-router' ]
2 info using npm@3.10.9
3 info using node@v4.6.2
4 silly loadCurrentTree Starting
5 silly install loadCurrentTree
6 silly install readLocalPackageData
7 silly fetchPackageMetaData kadira:flow-router
8 silly fetchPackageMetaData Error: Unsupported URL Type: kadira:flow-router
8 silly fetchPackageMetaData     at parseUrl (/Users/kai/.meteor/packages/meteor-tool/.1.4.2_3.1rd9djy++os.osx.x86_64+web.browser+web.cordova/mt-os.osx.x86_64/dev_bundle/lib/node_modules/npm/node_modules/npm-package-arg/npa.js:186:13)
8 silly fetchPackageMetaData     at npa (/Users/kai/.meteor/packages/meteor-tool/.1.4.2_3.1rd9djy++os.osx.x86_64+web.browser+web.cordova/mt-os.osx.x86_64/dev_bundle/lib/node_modules/npm/node_modules/npm-package-arg/npa.js:79:12)
8 silly fetchPackageMetaData     at module.exports (/Users/kai/.meteor/packages/meteor-tool/.1.4.2_3.1rd9djy++os.osx.x86_64+web.browser+web.cordova/mt-os.osx.x86_64/dev_bundle/lib/node_modules/npm/node_modules/realize-package-specifier/index.js:12:15)
8 silly fetchPackageMetaData     at fetchPackageMetadata (/Users/kai/.meteor/packages/meteor-tool/.1.4.2_3.1rd9djy++os.osx.x86_64+web.browser+web.cordova/mt-os.osx.x86_64/dev_bundle/lib/node_modules/npm/lib/fetch-package-metadata.js:54:12)
8 silly fetchPackageMetaData     at fetchMetadataWithVersion (/Users/kai/.meteor/packages/meteor-tool/.1.4.2_3.1rd9djy++os.osx.x86_64+web.browser+web.cordova/mt-os.osx.x86_64/dev_bundle/lib/node_modules/npm/lib/install/deps.js:228:14)
8 silly fetchPackageMetaData     at /Users/kai/.meteor/packages/meteor-tool/.1.4.2_3.1rd9djy++os.osx.x86_64+web.browser+web.cordova/mt-os.osx.x86_64/dev_bundle/lib/node_modules/npm/lib/install/deps.js:241:16
8 silly fetchPackageMetaData     at /Users/kai/.meteor/packages/meteor-tool/.1.4.2_3.1rd9djy++os.osx.x86_64+web.browser+web.cordova/mt-os.osx.x86_64/dev_bundle/lib/node_modules/npm/node_modules/slide/lib/async-map.js:52:35
8 silly fetchPackageMetaData     at Array.forEach (native)
8 silly fetchPackageMetaData     at /Users/kai/.meteor/packages/meteor-tool/.1.4.2_3.1rd9djy++os.osx.x86_64+web.browser+web.cordova/mt-os.osx.x86_64/dev_bundle/lib/node_modules/npm/node_modules/slide/lib/async-map.js:52:11
8 silly fetchPackageMetaData     at Array.forEach (native)
8 silly fetchPackageMetaData  error for kadira:flow-router [Error: Unsupported URL Type: kadira:flow-router]
9 silly rollbackFailedOptional Starting
10 silly rollbackFailedOptional Finishing
11 silly runTopLevelLifecycles Finishing
12 silly install printInstalled
13 verbose stack Error: Unsupported URL Type: kadira:flow-router
13 verbose stack     at parseUrl (/Users/kai/.meteor/packages/meteor-tool/.1.4.2_3.1rd9djy++os.osx.x86_64+web.browser+web.cordova/mt-os.osx.x86_64/dev_bundle/lib/node_modules/npm/node_modules/npm-package-arg/npa.js:186:13)
13 verbose stack     at npa (/Users/kai/.meteor/packages/meteor-tool/.1.4.2_3.1rd9djy++os.osx.x86_64+web.browser+web.cordova/mt-os.osx.x86_64/dev_bundle/lib/node_modules/npm/node_modules/npm-package-arg/npa.js:79:12)
13 verbose stack     at module.exports (/Users/kai/.meteor/packages/meteor-tool/.1.4.2_3.1rd9djy++os.osx.x86_64+web.browser+web.cordova/mt-os.osx.x86_64/dev_bundle/lib/node_modules/npm/node_modules/realize-package-specifier/index.js:12:15)
13 verbose stack     at fetchPackageMetadata (/Users/kai/.meteor/packages/meteor-tool/.1.4.2_3.1rd9djy++os.osx.x86_64+web.browser+web.cordova/mt-os.osx.x86_64/dev_bundle/lib/node_modules/npm/lib/fetch-package-metadata.js:54:12)
13 verbose stack     at fetchMetadataWithVersion (/Users/kai/.meteor/packages/meteor-tool/.1.4.2_3.1rd9djy++os.osx.x86_64+web.browser+web.cordova/mt-os.osx.x86_64/dev_bundle/lib/node_modules/npm/lib/install/deps.js:228:14)
13 verbose stack     at /Users/kai/.meteor/packages/meteor-tool/.1.4.2_3.1rd9djy++os.osx.x86_64+web.browser+web.cordova/mt-os.osx.x86_64/dev_bundle/lib/node_modules/npm/lib/install/deps.js:241:16
13 verbose stack     at /Users/kai/.meteor/packages/meteor-tool/.1.4.2_3.1rd9djy++os.osx.x86_64+web.browser+web.cordova/mt-os.osx.x86_64/dev_bundle/lib/node_modules/npm/node_modules/slide/lib/async-map.js:52:35
13 verbose stack     at Array.forEach (native)
13 verbose stack     at /Users/kai/.meteor/packages/meteor-tool/.1.4.2_3.1rd9djy++os.osx.x86_64+web.browser+web.cordova/mt-os.osx.x86_64/dev_bundle/lib/node_modules/npm/node_modules/slide/lib/async-map.js:52:11
13 verbose stack     at Array.forEach (native)
14 verbose cwd /Users/kai/Dropbox/Projects/Jukebox/Jukebox-Meteor/Jukebox
15 error Darwin 16.3.0
16 error argv "/Users/kai/.meteor/packages/meteor-tool/.1.4.2_3.1rd9djy++os.osx.x86_64+web.browser+web.cordova/mt-os.osx.x86_64/dev_bundle/bin/node" "/Users/kai/.meteor/packages/meteor-tool/.1.4.2_3.1rd9djy++os.osx.x86_64+web.browser+web.cordova/mt-os.osx.x86_64/dev_bundle/bin/npm" "install" "kadira:flow-router"
17 error node v4.6.2
18 error npm  v3.10.9
19 error Unsupported URL Type: kadira:flow-router
20 error If you need help, you may report this error at:
20 error     <https://github.com/npm/npm/issues>
21 verbose exit [ 1, true ]
